0 info it worked if it ends with ok
1 verbose cli [ 'node', '/usr/local/bin/npm', 'run', 'test' ]
2 info using npm@2.11.3
3 info using node@v0.12.7
4 verbose run-script [ 'pretest', 'test', 'posttest' ]
5 info pretest pdx-d2@1.0.0
6 info test pdx-d2@1.0.0
7 verbose unsafe-perm in lifecycle true
8 info pdx-d2@1.0.0 Failed to exec test script
9 verbose stack Error: pdx-d2@1.0.0 test: `mocha week_1/greet/test`
9 verbose stack Exit status 1
9 verbose stack     at EventEmitter.<anonymous> (/usr/local/lib/node_modules/npm/lib/utils/lifecycle.js:213:16)
9 verbose stack     at EventEmitter.emit (events.js:110:17)
9 verbose stack     at ChildProcess.<anonymous> (/usr/local/lib/node_modules/npm/lib/utils/spawn.js:24:14)
9 verbose stack     at ChildProcess.emit (events.js:110:17)
9 verbose stack     at maybeClose (child_process.js:1015:16)
9 verbose stack     at Process.ChildProcess._handle.onexit (child_process.js:1087:5)
10 verbose pkgid pdx-d2@1.0.0
11 verbose cwd /Users/Javier/Documents/Codefellows/PDX-D2
12 error Darwin 15.0.0
13 error argv "node" "/usr/local/bin/npm" "run" "test"
14 error node v0.12.7
15 error npm  v2.11.3
16 error code ELIFECYCLE
17 error pdx-d2@1.0.0 test: `mocha week_1/greet/test`
17 error Exit status 1
18 error Failed at the pdx-d2@1.0.0 test script 'mocha week_1/greet/test'.
18 error This is most likely a problem with the pdx-d2 package,
18 error not with npm itself.
18 error Tell the author that this fails on your system:
18 error     mocha week_1/greet/test
18 error You can get their info via:
18 error     npm owner ls pdx-d2
18 error There is likely additional logging output above.
19 verbose exit [ 1, true ]
